<?xml version="1.0" encoding="UTF-8"?>
<!-- Generated by org.testng.reporters.JUnitReportReporter -->
<testsuite hostname="DERIW42SLPC1327" name="testScripts.Tc_Support_01" tests="1" failures="0" timestamp="9 Mar 2019 03:49:00 GMT" time="12.885" errors="0">
  <testcase name="script" time="12.885" classname="testScripts.Tc_Support_01"/>
</testsuite> <!-- testScripts.Tc_Support_01 -->
