<?xml version="1.0" encoding="UTF-8"?>
<!-- Generated by org.testng.reporters.JUnitReportReporter -->
<testsuite hostname="DERIW42SLPC1327" name="testScripts.Tc_Support_02" tests="1" failures="0" timestamp="9 Mar 2019 03:51:30 GMT" time="13.223" errors="0">
  <testcase name="script" time="13.223" classname="testScripts.Tc_Support_02"/>
</testsuite> <!-- testScripts.Tc_Support_02 -->
